<?xml version="1.0" encoding="UTF-8"?>
<!-- Generated by org.testng.reporters.JUnitReportReporter -->
<testsuite hostname="DESKTOP-U6OK72A" failures="0" tests="5" name="Runner.Runnerclass" time="111.437" errors="0" timestamp="2025-06-30T08:39:37 IST" skipped="0">
  <testcase classname="Runner.Runnerclass" name="runScenario" time="26.067"/>
  <testcase classname="Runner.Runnerclass" name="runScenario" time="20.168"/>
  <testcase classname="Runner.Runnerclass" name="runScenario" time="20.976"/>
  <testcase classname="Runner.Runnerclass" name="runScenario" time="20.891"/>
  <testcase classname="Runner.Runnerclass" name="runScenario" time="23.335"/>
</testsuite> <!-- Runner.Runnerclass -->
