<?xml version="1.0" encoding="UTF-8"?>
<!-- Generated by org.testng.reporters.JUnitReportReporter -->
<testsuite hostname="DESKTOP-U6OK72A" failures="0" tests="5" name="Runner.Runnerclass" time="134.373" errors="0" timestamp="2025-06-30T09:29:56 IST" skipped="0">
  <testcase classname="Runner.Runnerclass" name="runScenario" time="26.306"/>
  <testcase classname="Runner.Runnerclass" name="runScenario" time="24.957"/>
  <testcase classname="Runner.Runnerclass" name="runScenario" time="25.757"/>
  <testcase classname="Runner.Runnerclass" name="runScenario" time="25.327"/>
  <testcase classname="Runner.Runnerclass" name="runScenario" time="32.026"/>
</testsuite> <!-- Runner.Runnerclass -->
