<?xml version="1.0" encoding="UTF-8"?>
<!-- Generated by org.testng.reporters.JUnitReportReporter -->
<testsuite hostname="DESKTOP-U6OK72A" failures="0" tests="5" name="Runner.Runnerclass" time="111.365" errors="0" timestamp="2025-07-02T00:18:29 IST" skipped="0">
  <testcase classname="Runner.Runnerclass" name="runScenario" time="25.011"/>
  <testcase classname="Runner.Runnerclass" name="runScenario" time="24.289"/>
  <testcase classname="Runner.Runnerclass" name="runScenario" time="20.029"/>
  <testcase classname="Runner.Runnerclass" name="runScenario" time="22.078"/>
  <testcase classname="Runner.Runnerclass" name="runScenario" time="19.958"/>
</testsuite> <!-- Runner.Runnerclass -->
